0 info it worked if it ends with ok
1 verbose cli [ '/Users/holger/.meteor/packages/meteor-tool/.1.1.10.mea63x.sjuef++os.osx.x86_64+web.browser+web.cordova/mt-os.osx.x86_64/dev_bundle/bin/node',
1 verbose cli   '/Users/holger/.meteor/packages/meteor-tool/.1.1.10.mea63x.sjuef++os.osx.x86_64+web.browser+web.cordova/mt-os.osx.x86_64/dev_bundle/bin/npm',
1 verbose cli   'install',
1 verbose cli   '--save',
1 verbose cli   'bourbo-bitters' ]
2 info using npm@1.4.28
3 info using node@v0.10.40
4 warn package.json Poesie@1.0.0 No description
5 warn package.json Poesie@1.0.0 No repository field.
6 warn package.json Poesie@1.0.0 No README data
7 verbose readDependencies using package.json deps
8 verbose cache add [ 'bourbo-bitters', null ]
9 verbose cache add name=undefined spec="bourbo-bitters" args=["bourbo-bitters",null]
10 verbose parsed url { protocol: null,
10 verbose parsed url   slashes: null,
10 verbose parsed url   auth: null,
10 verbose parsed url   host: null,
10 verbose parsed url   port: null,
10 verbose parsed url   hostname: null,
10 verbose parsed url   hash: null,
10 verbose parsed url   search: null,
10 verbose parsed url   query: null,
10 verbose parsed url   pathname: 'bourbo-bitters',
10 verbose parsed url   path: 'bourbo-bitters',
10 verbose parsed url   href: 'bourbo-bitters' }
11 silly lockFile 10146405-bourbo-bitters bourbo-bitters
12 verbose lock bourbo-bitters /Users/holger/.npm/10146405-bourbo-bitters.lock
13 silly lockFile 10146405-bourbo-bitters bourbo-bitters
14 silly lockFile 10146405-bourbo-bitters bourbo-bitters
15 verbose addNamed [ 'bourbo-bitters', '' ]
16 verbose addNamed [ null, '*' ]
17 silly lockFile cf4fb88c-bourbo-bitters bourbo-bitters@
18 verbose lock bourbo-bitters@ /Users/holger/.npm/cf4fb88c-bourbo-bitters.lock
19 silly addNameRange { name: 'bourbo-bitters', range: '*', hasData: false }
20 verbose request where is /bourbo-bitters
21 verbose request registry https://registry.npmjs.org/
22 verbose request id 00a24d19fd661dbd
23 verbose url raw /bourbo-bitters
24 verbose url resolving [ 'https://registry.npmjs.org/', './bourbo-bitters' ]
25 verbose url resolved https://registry.npmjs.org/bourbo-bitters
26 verbose request where is https://registry.npmjs.org/bourbo-bitters
27 info trying registry request attempt 1 at 11:02:50
28 http GET https://registry.npmjs.org/bourbo-bitters
29 http 404 https://registry.npmjs.org/bourbo-bitters
30 verbose headers { date: 'Mon, 24 Dec 2018 10:02:51 GMT',
30 verbose headers   'content-type': 'application/json',
30 verbose headers   'content-length': '21',
30 verbose headers   connection: 'keep-alive',
30 verbose headers   'set-cookie': [ '__cfduid=d7e4838c4cdd5e5ae7120d515939998091545645771; expires=Tue, 24-Dec-19 10:02:51 GMT; path=/; domain=.registry.npmjs.org; HttpOnly' ],
30 verbose headers   'cf-cache-status': 'MISS',
30 verbose headers   'cache-control': 'max-age=300',
30 verbose headers   'cf-ray': '48e23c14fd38c4c4-DUS',
30 verbose headers   'expect-ct': 'max-age=604800, report-uri="https://report-uri.cloudflare.com/cdn-cgi/beacon/expect-ct"',
30 verbose headers   vary: 'accept-encoding, accept',
30 verbose headers   server: 'cloudflare' }
31 silly registry.get cb [ 404,
31 silly registry.get   { date: 'Mon, 24 Dec 2018 10:02:51 GMT',
31 silly registry.get     'content-type': 'application/json',
31 silly registry.get     'content-length': '21',
31 silly registry.get     connection: 'keep-alive',
31 silly registry.get     'set-cookie': [ '__cfduid=d7e4838c4cdd5e5ae7120d515939998091545645771; expires=Tue, 24-Dec-19 10:02:51 GMT; path=/; domain=.registry.npmjs.org; HttpOnly' ],
31 silly registry.get     'cf-cache-status': 'MISS',
31 silly registry.get     'cache-control': 'max-age=300',
31 silly registry.get     'cf-ray': '48e23c14fd38c4c4-DUS',
31 silly registry.get     'expect-ct': 'max-age=604800, report-uri="https://report-uri.cloudflare.com/cdn-cgi/beacon/expect-ct"',
31 silly registry.get     vary: 'accept-encoding, accept',
31 silly registry.get     server: 'cloudflare' } ]
32 silly lockFile cf4fb88c-bourbo-bitters bourbo-bitters@
33 silly lockFile cf4fb88c-bourbo-bitters bourbo-bitters@
34 error Error: Not found : bourbo-bitters
34 error     at RegClient.<anonymous> (/Users/holger/.meteor/packages/meteor-tool/.1.1.10.mea63x.sjuef++os.osx.x86_64+web.browser+web.cordova/mt-os.osx.x86_64/dev_bundle/lib/node_modules/npm/node_modules/npm-registry-client/lib/request.js:308:14)
34 error     at Request._callback (/Users/holger/.meteor/packages/meteor-tool/.1.1.10.mea63x.sjuef++os.osx.x86_64+web.browser+web.cordova/mt-os.osx.x86_64/dev_bundle/lib/node_modules/npm/node_modules/npm-registry-client/lib/request.js:246:65)
34 error     at Request.self.callback (/Users/holger/.meteor/packages/meteor-tool/.1.1.10.mea63x.sjuef++os.osx.x86_64+web.browser+web.cordova/mt-os.osx.x86_64/dev_bundle/lib/node_modules/npm/node_modules/request/request.js:236:22)
34 error     at Request.emit (events.js:98:17)
34 error     at Request.<anonymous> (/Users/holger/.meteor/packages/meteor-tool/.1.1.10.mea63x.sjuef++os.osx.x86_64+web.browser+web.cordova/mt-os.osx.x86_64/dev_bundle/lib/node_modules/npm/node_modules/request/request.js:1142:14)
34 error     at Request.emit (events.js:117:20)
34 error     at IncomingMessage.<anonymous> (/Users/holger/.meteor/packages/meteor-tool/.1.1.10.mea63x.sjuef++os.osx.x86_64+web.browser+web.cordova/mt-os.osx.x86_64/dev_bundle/lib/node_modules/npm/node_modules/request/request.js:1096:12)
34 error     at IncomingMessage.emit (events.js:117:20)
34 error     at _stream_readable.js:944:16
34 error     at process._tickCallback (node.js:448:13)
35 error If you need help, you may report this *entire* log,
35 error including the npm and node versions, at:
35 error     <http://github.com/npm/npm/issues>
36 error System Darwin 18.0.0
37 error command "/Users/holger/.meteor/packages/meteor-tool/.1.1.10.mea63x.sjuef++os.osx.x86_64+web.browser+web.cordova/mt-os.osx.x86_64/dev_bundle/bin/node" "/Users/holger/.meteor/packages/meteor-tool/.1.1.10.mea63x.sjuef++os.osx.x86_64+web.browser+web.cordova/mt-os.osx.x86_64/dev_bundle/bin/npm" "install" "--save" "bourbo-bitters"
38 error cwd /Users/holger/Documents/Projekte/poesie/poesie/app
39 error node -v v0.10.40
40 error npm -v 1.4.28
41 verbose exit [ 1, true ]
